{"/opt/components/briskhome-mobileconfig/index.js":{"path":"/opt/components/briskhome-mobileconfig/index.js","s":{"1":1,"2":1,"3":1,"4":1,"5":1,"6":1,"7":1,"8":1,"9":11,"10":11,"11":11,"12":11,"13":11,"14":11,"15":11,"16":11,"17":11,"18":11,"19":11,"20":8,"21":2,"22":2,"23":8,"24":1,"25":1,"26":8,"27":1,"28":1,"29":8,"30":1,"31":1,"32":8,"33":2,"34":2,"35":8,"36":1,"37":1,"38":8,"39":1,"40":0,"41":1,"42":0,"43":1,"44":1,"45":1,"46":1,"47":1,"48":1,"49":1,"50":1,"51":1,"52":1,"53":8,"54":0,"55":0,"56":0,"57":0,"58":0,"59":0,"60":0,"61":0,"62":0,"63":0,"64":0,"65":0,"66":0,"67":0,"68":0,"69":0,"70":0,"71":0,"72":0,"73":8,"74":4,"75":1,"76":3,"77":1,"78":2,"79":2,"80":2,"81":2,"82":2,"83":2,"84":2,"85":2,"86":2,"87":2,"88":2,"89":2,"90":2,"91":2,"92":8,"93":0,"94":0,"95":0,"96":0,"97":0,"98":0,"99":0,"100":8,"101":1,"102":1,"103":8},"b":{"1":[0,1],"2":[0,1],"3":[1,0],"4":[0,0],"5":[0,0],"6":[0,0],"7":[1,3],"8":[1,2],"9":[2,2],"10":[2,2],"11":[2,2],"12":[0,0,0,0,0,0]},"f":{"1":8,"2":11,"3":2,"4":1,"5":1,"6":1,"7":2,"8":1,"9":1,"10":0,"11":4,"12":0,"13":1},"fnMap":{"1":{"name":"setup","line":21,"loc":{"start":{"line":21,"column":17},"end":{"line":21,"column":60}}},"2":{"name":"Mobileconfig","line":29,"loc":{"start":{"line":29,"column":2},"end":{"line":29,"column":26}}},"3":{"name":"setConsentText","line":48,"loc":{"start":{"line":48,"column":42},"end":{"line":48,"column":73}}},"4":{"name":"setPayloadDescription","line":57,"loc":{"start":{"line":57,"column":49},"end":{"line":57,"column":87}}},"5":{"name":"setPayloadDisplayName","line":66,"loc":{"start":{"line":66,"column":49},"end":{"line":66,"column":87}}},"6":{"name":"setPayloadIdentifier","line":75,"loc":{"start":{"line":75,"column":48},"end":{"line":75,"column":85}}},"7":{"name":"setPayloadOrganization","line":85,"loc":{"start":{"line":85,"column":50},"end":{"line":85,"column":89}}},"8":{"name":"setPayloadRemovalDisallowed","line":94,"loc":{"start":{"line":94,"column":55},"end":{"line":94,"column":99}}},"9":{"name":"certificate","line":102,"loc":{"start":{"line":102,"column":39},"end":{"line":102,"column":66}}},"10":{"name":"mail","line":123,"loc":{"start":{"line":123,"column":32},"end":{"line":123,"column":52}}},"11":{"name":"webClip","line":169,"loc":{"start":{"line":169,"column":35},"end":{"line":169,"column":58}}},"12":{"name":"wifi","line":194,"loc":{"start":{"line":194,"column":32},"end":{"line":194,"column":52}}},"13":{"name":"save","line":227,"loc":{"start":{"line":227,"column":32},"end":{"line":227,"column":48}}}},"statementMap":{"1":{"start":{"line":13,"column":0},"end":{"line":13,"column":25}},"2":{"start":{"line":14,"column":0},"end":{"line":14,"column":25}},"3":{"start":{"line":15,"column":0},"end":{"line":15,"column":34}},"4":{"start":{"line":16,"column":0},"end":{"line":16,"column":38}},"5":{"start":{"line":18,"column":0},"end":{"line":18,"column":76}},"6":{"start":{"line":19,"column":0},"end":{"line":19,"column":21}},"7":{"start":{"line":21,"column":0},"end":{"line":234,"column":2}},"8":{"start":{"line":29,"column":2},"end":{"line":42,"column":3}},"9":{"start":{"line":30,"column":4},"end":{"line":30,"column":39}},"10":{"start":{"line":31,"column":4},"end":{"line":31,"column":29}},"11":{"start":{"line":32,"column":4},"end":{"line":32,"column":33}},"12":{"start":{"line":33,"column":4},"end":{"line":33,"column":41}},"13":{"start":{"line":34,"column":4},"end":{"line":34,"column":61}},"14":{"start":{"line":35,"column":4},"end":{"line":35,"column":34}},"15":{"start":{"line":36,"column":4},"end":{"line":36,"column":42}},"16":{"start":{"line":37,"column":4},"end":{"line":37,"column":39}},"17":{"start":{"line":38,"column":4},"end":{"line":38,"column":33}},"18":{"start":{"line":39,"column":4},"end":{"line":39,"column":28}},"19":{"start":{"line":41,"column":4},"end":{"line":41,"column":16}},"20":{"start":{"line":48,"column":2},"end":{"line":51,"column":4}},"21":{"start":{"line":49,"column":4},"end":{"line":49,"column":37}},"22":{"start":{"line":50,"column":4},"end":{"line":50,"column":16}},"23":{"start":{"line":57,"column":2},"end":{"line":60,"column":4}},"24":{"start":{"line":58,"column":4},"end":{"line":58,"column":36}},"25":{"start":{"line":59,"column":4},"end":{"line":59,"column":16}},"26":{"start":{"line":66,"column":2},"end":{"line":69,"column":4}},"27":{"start":{"line":67,"column":4},"end":{"line":67,"column":36}},"28":{"start":{"line":68,"column":4},"end":{"line":68,"column":16}},"29":{"start":{"line":75,"column":2},"end":{"line":78,"column":4}},"30":{"start":{"line":76,"column":4},"end":{"line":76,"column":35}},"31":{"start":{"line":77,"column":4},"end":{"line":77,"column":16}},"32":{"start":{"line":85,"column":2},"end":{"line":88,"column":4}},"33":{"start":{"line":86,"column":4},"end":{"line":86,"column":37}},"34":{"start":{"line":87,"column":4},"end":{"line":87,"column":16}},"35":{"start":{"line":94,"column":2},"end":{"line":97,"column":4}},"36":{"start":{"line":95,"column":4},"end":{"line":95,"column":42}},"37":{"start":{"line":96,"column":4},"end":{"line":96,"column":16}},"38":{"start":{"line":102,"column":2},"end":{"line":118,"column":4}},"39":{"start":{"line":103,"column":4},"end":{"line":103,"column":80}},"40":{"start":{"line":103,"column":68},"end":{"line":103,"column":80}},"41":{"start":{"line":104,"column":4},"end":{"line":104,"column":83}},"42":{"start":{"line":104,"column":71},"end":{"line":104,"column":83}},"43":{"start":{"line":106,"column":4},"end":{"line":106,"column":23}},"44":{"start":{"line":107,"column":4},"end":{"line":107,"column":43}},"45":{"start":{"line":108,"column":4},"end":{"line":108,"column":56}},"46":{"start":{"line":109,"column":4},"end":{"line":109,"column":49}},"47":{"start":{"line":110,"column":4},"end":{"line":110,"column":83}},"48":{"start":{"line":111,"column":4},"end":{"line":111,"column":57}},"49":{"start":{"line":112,"column":4},"end":{"line":112,"column":72}},"50":{"start":{"line":113,"column":4},"end":{"line":113,"column":31}},"51":{"start":{"line":115,"column":4},"end":{"line":115,"column":38}},"52":{"start":{"line":117,"column":4},"end":{"line":117,"column":16}},"53":{"start":{"line":123,"column":2},"end":{"line":164,"column":4}},"54":{"start":{"line":124,"column":4},"end":{"line":124,"column":85}},"55":{"start":{"line":124,"column":73},"end":{"line":124,"column":85}},"56":{"start":{"line":126,"column":4},"end":{"line":126,"column":23}},"57":{"start":{"line":127,"column":4},"end":{"line":127,"column":61}},"58":{"start":{"line":128,"column":4},"end":{"line":128,"column":41}},"59":{"start":{"line":129,"column":4},"end":{"line":129,"column":70}},"60":{"start":{"line":130,"column":4},"end":{"line":130,"column":51}},"61":{"start":{"line":131,"column":4},"end":{"line":131,"column":36}},"62":{"start":{"line":132,"column":4},"end":{"line":132,"column":31}},"63":{"start":{"line":134,"column":4},"end":{"line":134,"column":67}},"64":{"start":{"line":135,"column":4},"end":{"line":135,"column":53}},"65":{"start":{"line":136,"column":4},"end":{"line":136,"column":53}},"66":{"start":{"line":137,"column":4},"end":{"line":137,"column":45}},"67":{"start":{"line":139,"column":4},"end":{"line":139,"column":80}},"68":{"start":{"line":141,"column":4},"end":{"line":162,"column":5}},"69":{"start":{"line":143,"column":8},"end":{"line":155,"column":10}},"70":{"start":{"line":156,"column":8},"end":{"line":156,"column":14}},"71":{"start":{"line":160,"column":8},"end":{"line":160,"column":20}},"72":{"start":{"line":163,"column":4},"end":{"line":163,"column":16}},"73":{"start":{"line":169,"column":2},"end":{"line":189,"column":4}},"74":{"start":{"line":170,"column":4},"end":{"line":170,"column":72}},"75":{"start":{"line":170,"column":60},"end":{"line":170,"column":72}},"76":{"start":{"line":171,"column":4},"end":{"line":171,"column":74}},"77":{"start":{"line":171,"column":62},"end":{"line":171,"column":74}},"78":{"start":{"line":173,"column":4},"end":{"line":173,"column":23}},"79":{"start":{"line":174,"column":4},"end":{"line":174,"column":50}},"80":{"start":{"line":175,"column":4},"end":{"line":175,"column":52}},"81":{"start":{"line":176,"column":4},"end":{"line":176,"column":52}},"82":{"start":{"line":177,"column":4},"end":{"line":177,"column":27}},"83":{"start":{"line":178,"column":4},"end":{"line":178,"column":31}},"84":{"start":{"line":180,"column":4},"end":{"line":180,"column":70}},"85":{"start":{"line":181,"column":4},"end":{"line":181,"column":44}},"86":{"start":{"line":182,"column":4},"end":{"line":182,"column":73}},"87":{"start":{"line":183,"column":4},"end":{"line":183,"column":54}},"88":{"start":{"line":184,"column":4},"end":{"line":184,"column":36}},"89":{"start":{"line":185,"column":4},"end":{"line":185,"column":31}},"90":{"start":{"line":187,"column":4},"end":{"line":187,"column":38}},"91":{"start":{"line":188,"column":4},"end":{"line":188,"column":16}},"92":{"start":{"line":194,"column":2},"end":{"line":222,"column":4}},"93":{"start":{"line":196,"column":4},"end":{"line":221,"column":5}},"94":{"start":{"line":198,"column":8},"end":{"line":198,"column":14}},"95":{"start":{"line":202,"column":8},"end":{"line":202,"column":14}},"96":{"start":{"line":206,"column":8},"end":{"line":206,"column":14}},"97":{"start":{"line":210,"column":8},"end":{"line":210,"column":14}},"98":{"start":{"line":215,"column":8},"end":{"line":215,"column":14}},"99":{"start":{"line":219,"column":8},"end":{"line":219,"column":14}},"100":{"start":{"line":227,"column":2},"end":{"line":231,"column":4}},"101":{"start":{"line":228,"column":4},"end":{"line":228,"column":42}},"102":{"start":{"line":230,"column":4},"end":{"line":230,"column":54}},"103":{"start":{"line":233,"column":2},"end":{"line":233,"column":49}}},"branchMap":{"1":{"line":103,"type":"if","locations":[{"start":{"line":103,"column":4},"end":{"line":103,"column":4}},{"start":{"line":103,"column":4},"end":{"line":103,"column":4}}]},"2":{"line":104,"type":"if","locations":[{"start":{"line":104,"column":4},"end":{"line":104,"column":4}},{"start":{"line":104,"column":4},"end":{"line":104,"column":4}}]},"3":{"line":108,"type":"binary-expr","locations":[{"start":{"line":108,"column":26},"end":{"line":108,"column":42}},{"start":{"line":108,"column":46},"end":{"line":108,"column":55}}]},"4":{"line":124,"type":"if","locations":[{"start":{"line":124,"column":4},"end":{"line":124,"column":4}},{"start":{"line":124,"column":4},"end":{"line":124,"column":4}}]},"5":{"line":139,"type":"binary-expr","locations":[{"start":{"line":139,"column":40},"end":{"line":139,"column":70}},{"start":{"line":139,"column":74},"end":{"line":139,"column":79}}]},"6":{"line":141,"type":"switch","locations":[{"start":{"line":142,"column":6},"end":{"line":157,"column":7}},{"start":{"line":159,"column":6},"end":{"line":161,"column":7}}]},"7":{"line":170,"type":"if","locations":[{"start":{"line":170,"column":4},"end":{"line":170,"column":4}},{"start":{"line":170,"column":4},"end":{"line":170,"column":4}}]},"8":{"line":171,"type":"if","locations":[{"start":{"line":171,"column":4},"end":{"line":171,"column":4}},{"start":{"line":171,"column":4},"end":{"line":171,"column":4}}]},"9":{"line":174,"type":"binary-expr","locations":[{"start":{"line":174,"column":25},"end":{"line":174,"column":40}},{"start":{"line":174,"column":44},"end":{"line":174,"column":49}}]},"10":{"line":175,"type":"binary-expr","locations":[{"start":{"line":175,"column":26},"end":{"line":175,"column":42}},{"start":{"line":175,"column":46},"end":{"line":175,"column":51}}]},"11":{"line":176,"type":"binary-expr","locations":[{"start":{"line":176,"column":26},"end":{"line":176,"column":42}},{"start":{"line":176,"column":46},"end":{"line":176,"column":51}}]},"12":{"line":196,"type":"switch","locations":[{"start":{"line":197,"column":6},"end":{"line":199,"column":7}},{"start":{"line":201,"column":6},"end":{"line":203,"column":7}},{"start":{"line":205,"column":6},"end":{"line":207,"column":7}},{"start":{"line":209,"column":6},"end":{"line":211,"column":7}},{"start":{"line":213,"column":6},"end":{"line":216,"column":7}},{"start":{"line":218,"column":6},"end":{"line":220,"column":7}}]}}}}